[debug] [2024-11-20T16:00:44.351Z] ----------------------------------------------------------------------
[debug] [2024-11-20T16:00:44.353Z] Command:       C:\Program Files\nodejs\node.exe C:\Users\sylva\scoop\persist\nodejs-lts\bin\node_modules\firebase-tools\lib\bin\firebase.js deploy
[debug] [2024-11-20T16:00:44.353Z] CLI Version:   13.20.0
[debug] [2024-11-20T16:00:44.354Z] Platform:      win32
[debug] [2024-11-20T16:00:44.354Z] Node Version:  v18.18.0
[debug] [2024-11-20T16:00:44.355Z] Time:          Wed Nov 20 2024 17:00:44 GMT+0100 (heure normale d’Europe centrale)
[debug] [2024-11-20T16:00:44.355Z] ----------------------------------------------------------------------
[debug] 
[debug] [2024-11-20T16:00:44.421Z] > command requires scopes: ["email","openid","https://www.googleapis.com/auth/cloudplatformprojects.readonly","https://www.googleapis.com/auth/firebase","https://www.googleapis.com/auth/cloud-platform"]
[debug] [2024-11-20T16:00:44.422Z] > authorizing via signed-in user (soundboy95@gmail.com)
[debug] [2024-11-20T16:00:44.422Z] [iam] checking project diviniti-cac94 for permissions ["firebase.projects.get","firebasehosting.sites.update"]
[debug] [2024-11-20T16:00:44.424Z] >>> [apiv2][query] POST https://cloudresourcemanager.googleapis.com/v1/projects/diviniti-cac94:testIamPermissions [none]
[debug] [2024-11-20T16:00:44.425Z] >>> [apiv2][(partial)header] POST https://cloudresourcemanager.googleapis.com/v1/projects/diviniti-cac94:testIamPermissions x-goog-quota-user=projects/diviniti-cac94
[debug] [2024-11-20T16:00:44.425Z] >>> [apiv2][body] POST https://cloudresourcemanager.googleapis.com/v1/projects/diviniti-cac94:testIamPermissions {"permissions":["firebase.projects.get","firebasehosting.sites.update"]}
[debug] [2024-11-20T16:00:45.104Z] <<< [apiv2][status] POST https://cloudresourcemanager.googleapis.com/v1/projects/diviniti-cac94:testIamPermissions 200
[debug] [2024-11-20T16:00:45.105Z] <<< [apiv2][body] POST https://cloudresourcemanager.googleapis.com/v1/projects/diviniti-cac94:testIamPermissions {"permissions":["firebase.projects.get","firebasehosting.sites.update"]}
[debug] [2024-11-20T16:00:45.106Z] >>> [apiv2][query] GET https://firebase.googleapis.com/v1beta1/projects/diviniti-cac94 [none]
[debug] [2024-11-20T16:00:45.377Z] <<< [apiv2][status] GET https://firebase.googleapis.com/v1beta1/projects/diviniti-cac94 200
[debug] [2024-11-20T16:00:45.378Z] <<< [apiv2][body] GET https://firebase.googleapis.com/v1beta1/projects/diviniti-cac94 {"projectId":"diviniti-cac94","projectNumber":"461209702580","displayName":"Diviniti","name":"projects/diviniti-cac94","resources":{"hostingSite":"diviniti-cac94","storageBucket":"diviniti-cac94.appspot.com","locationId":"europe-west"},"state":"ACTIVE","etag":"1_8d7191ff-e1b3-4e98-a02c-40269740152c"}
[info] 
[info] === Deploying to 'diviniti-cac94'...
[info] 
[info] i  deploying hosting 
[debug] [2024-11-20T16:00:45.384Z] >>> [apiv2][query] POST https://firebasehosting.googleapis.com/v1beta1/projects/-/sites/diviniti-cac94/versions [none]
[debug] [2024-11-20T16:00:45.384Z] >>> [apiv2][body] POST https://firebasehosting.googleapis.com/v1beta1/projects/-/sites/diviniti-cac94/versions {"status":"CREATED","labels":{"deployment-tool":"cli-firebase"}}
